2024-10-10 09:43:52 -  - exec CUpdateClientPartner::SearchModulesEx
2024-10-10 09:43:52 -  - exec CUpdateClientPartner::__CollectRequestData
2024-10-10 09:43:52 -  - utf=Y&lang=ru&stable=Y&CANGZIP=Y&SUPD_DBS=MYSQL&XE=N&CLIENT_SITE=localhost&LICENSE_KEY=X&SUPD_STS=1&SUPD_URS=0&TYPENC=D&CLIENT_PHPVER=8.3.12&NGINX=Y&dbv=8.0.39&instm=main%2C24.0.796%2CY%3Bb24connector%2C24.0.0%2CN%3Bbitrix.sitecorporate%2C24.0.0%2CN%3Bbitrixcloud%2C24.0.0%2CN%3Bblog%2C24.0.0%2CN%3Bclouds%2C24.100.0%2CN%3Bfileman%2C24.100.0%2CN%3Bform%2C24.0.0%2CN%3Bforum%2C24.100.300%2CN%3Bhighloadblock%2C24.0.201%2CN%3Biblock%2C24.0.200%2CN%3Blanding%2C24.400.300%2CN%3Blocation%2C24.100.0%2CN%3Bmessageservice%2C24.500.0%2CN%3Bmobileapp%2C24.0.0%2CN%3Bperfmon%2C24.0.0%2CN%3Bphotogallery%2C24.100.0%2CN%3Brest%2C24.500.0%2CN%3Bsearch%2C24.0.0%2CN%3Bsecurity%2C24.0.0%2CN%3Bseo%2C24.300.0%2CN%3Bsocialservices%2C24.0.200%2CN%3Bsubscribe%2C24.0.0%2CN%3Btranslate%2C24.0.0%2CN%3Bui%2C24.300.0%2CN%3Bvote%2C24.0.0%2CN&search_module_id=&search_module=&search_category=7%2C14&search_type=&search_order=DESC&search_order_by=SORT&search_page=1&SUPD_SRS=RU&SUPD_CMP=N
2024-10-10 09:43:52 -  - exec CUpdateClientPartner::GetHTTPPage
2024-10-10 09:43:53 -  - TIME SearchModulesEx(request) 0.847 sec
2024-10-10 09:43:53 -  - exec CUpdateClientPartner::ParseServerData
2024-10-10 09:44:08 -  - exec CUpdateClientPartner::LoadModulesUpdates
2024-10-10 09:44:08 -  - exec CUpdateClientPartner::__CollectRequestData
2024-10-10 09:44:08 -  - utf=Y&lang=ru&stable=Y&CANGZIP=Y&SUPD_DBS=MYSQL&XE=N&CLIENT_SITE=localhost&LICENSE_KEY=X&SUPD_STS=1&SUPD_URS=0&TYPENC=D&CLIENT_PHPVER=8.3.12&NGINX=Y&dbv=8.0.39&instm=main%2C24.0.796%2CY%3Bb24connector%2C24.0.0%2CN%3Bbitrix.sitecorporate%2C24.0.0%2CN%3Bbitrixcloud%2C24.0.0%2CN%3Bblog%2C24.0.0%2CN%3Bclouds%2C24.100.0%2CN%3Bfileman%2C24.100.0%2CN%3Bform%2C24.0.0%2CN%3Bforum%2C24.100.300%2CN%3Bhighloadblock%2C24.0.201%2CN%3Biblock%2C24.0.200%2CN%3Blanding%2C24.400.300%2CN%3Blocation%2C24.100.0%2CN%3Bmessageservice%2C24.500.0%2CN%3Bmobileapp%2C24.0.0%2CN%3Bperfmon%2C24.0.0%2CN%3Bphotogallery%2C24.100.0%2CN%3Brest%2C24.500.0%2CN%3Bsearch%2C24.0.0%2CN%3Bsecurity%2C24.0.0%2CN%3Bseo%2C24.300.0%2CN%3Bsocialservices%2C24.0.200%2CN%3Bsubscribe%2C24.0.0%2CN%3Btranslate%2C24.0.0%2CN%3Bui%2C24.300.0%2CN%3Bvote%2C24.0.0%2CN&reqm=nsandrey.emptyinstall&lim=Y&SUPD_SRS=RU&SUPD_CMP=N
2024-10-10 09:44:08 -  - exec CUpdateClientPartner::GetHTTPPage
2024-10-10 09:44:08 -  - TIME LoadModulesUpdates(request) 0.344 sec
2024-10-10 09:44:08 -  - exec CUpdateClientPartner::ParseServerData
2024-10-10 09:44:08 - S - STEP
2024-10-10 09:44:08 - LM4W01 - loadModule4Wizard-Step
2024-10-10 09:44:08 -  - exec CUpdateClientPartner::LoadModulesUpdates
2024-10-10 09:44:08 -  - exec CUpdateClientPartner::ParseServerData
2024-10-10 09:44:08 -  - loadFile
2024-10-10 09:44:09 - U - RETURN
2024-10-10 09:44:09 -  - exec CUpdateClientPartner::UnGzipArchive
2024-10-10 09:44:09 -  - TIME UnGzipArchive 0.009 sec
2024-10-10 09:44:09 -  - TIME UpdateStepModules 0.035 sec
2024-10-10 09:44:09 -  - exec CUpdateClientPartner::LoadModulesUpdates
2024-10-10 09:44:09 -  - exec CUpdateClientPartner::__CollectRequestData
2024-10-10 09:44:09 -  - utf=Y&lang=ru&stable=Y&CANGZIP=Y&SUPD_DBS=MYSQL&XE=N&CLIENT_SITE=localhost&LICENSE_KEY=X&SUPD_STS=1&SUPD_URS=0&TYPENC=D&CLIENT_PHPVER=8.3.12&NGINX=Y&dbv=8.0.39&instm=main%2C24.0.796%2CY%3Bb24connector%2C24.0.0%2CN%3Bbitrix.sitecorporate%2C24.0.0%2CN%3Bbitrixcloud%2C24.0.0%2CN%3Bblog%2C24.0.0%2CN%3Bclouds%2C24.100.0%2CN%3Bfileman%2C24.100.0%2CN%3Bform%2C24.0.0%2CN%3Bforum%2C24.100.300%2CN%3Bhighloadblock%2C24.0.201%2CN%3Biblock%2C24.0.200%2CN%3Blanding%2C24.400.300%2CN%3Blocation%2C24.100.0%2CN%3Bmessageservice%2C24.500.0%2CN%3Bmobileapp%2C24.0.0%2CN%3Bperfmon%2C24.0.0%2CN%3Bphotogallery%2C24.100.0%2CN%3Brest%2C24.500.0%2CN%3Bsearch%2C24.0.0%2CN%3Bsecurity%2C24.0.0%2CN%3Bseo%2C24.300.0%2CN%3Bsocialservices%2C24.0.200%2CN%3Bsubscribe%2C24.0.0%2CN%3Btranslate%2C24.0.0%2CN%3Bui%2C24.300.0%2CN%3Bvote%2C24.0.0%2CN%3Bnsandrey.emptyinstall%2C1.0.5%2CN&reqm=nsandrey.emptyinstall&lim=Y&SUPD_SRS=RU&SUPD_CMP=N
2024-10-10 09:44:09 -  - exec CUpdateClientPartner::GetHTTPPage
2024-10-10 09:44:09 -  - TIME LoadModulesUpdates(request) 0.331 sec
2024-10-10 09:44:09 -  - exec CUpdateClientPartner::ParseServerData
2024-10-10 09:44:09 - STEP - Finish - NOUPDATES
2024-10-10 09:44:09 - LM4W03 - Finish - NOUPDATES
2024-10-10 09:45:15 -  - exec CUpdateClientPartner::__CollectRequestData
2024-10-10 09:45:15 -  - exec CUpdateClientPartner::GetHTTPPage
2024-10-10 09:45:15 -  - exec CUpdateClientPartner::ParseServerData
2024-10-10 09:45:15 -  - exec CUpdateClientPartner::GetUpdatesList
2024-10-10 09:45:15 -  - exec CUpdateClientPartner::__CollectRequestData
2024-10-10 09:45:15 -  - utf=Y&lang=ru&stable=Y&CANGZIP=Y&SUPD_DBS=MYSQL&XE=N&CLIENT_SITE=localhost&LICENSE_KEY=X&SUPD_STS=1&SUPD_URS=0&TYPENC=D&CLIENT_PHPVER=8.3.12&NGINX=Y&dbv=8.0.39&instm=main%2C24.0.796%2CY%3Bb24connector%2C24.0.0%2CN%3Bbitrix.sitecorporate%2C24.0.0%2CN%3Bbitrixcloud%2C24.0.0%2CN%3Bblog%2C24.0.0%2CN%3Bclouds%2C24.100.0%2CN%3Bfileman%2C24.100.0%2CN%3Bform%2C24.0.0%2CN%3Bforum%2C24.100.300%2CN%3Bhighloadblock%2C24.0.201%2CN%3Biblock%2C24.0.200%2CN%3Blanding%2C24.400.300%2CN%3Blocation%2C24.100.0%2CN%3Bmessageservice%2C24.500.0%2CN%3Bmobileapp%2C24.0.0%2CN%3Bperfmon%2C24.0.0%2CN%3Bphotogallery%2C24.100.0%2CN%3Brest%2C24.500.0%2CN%3Bsearch%2C24.0.0%2CN%3Bsecurity%2C24.0.0%2CN%3Bseo%2C24.300.0%2CN%3Bsocialservices%2C24.0.200%2CN%3Bsubscribe%2C24.0.0%2CN%3Btranslate%2C24.0.0%2CN%3Bui%2C24.300.0%2CN%3Bvote%2C24.0.0%2CN%3Bnsandrey.emptyinstall%2C1.0.5%2CN&reqm=bitrix.sitecorporate%2Cnsandrey.emptyinstall&fullmoduleinfo=Y&SUPD_SRS=RU&SUPD_CMP=N
2024-10-10 09:45:15 -  - exec CUpdateClientPartner::GetHTTPPage
2024-10-10 09:45:15 -  - TIME GetUpdatesList(request) 0.416 sec
2024-10-10 09:45:15 -  - exec CUpdateClientPartner::ParseServerData
2024-10-10 09:45:15 -  - exec CUpdateClientPartner::__CollectRequestData
2024-10-10 09:45:15 -  - exec CUpdateClientPartner::GetHTTPPage
2024-10-10 09:45:16 -  - exec CUpdateClientPartner::ParseServerData
